<?xml version="1.0" encoding="UTF-8"?>
<testsuite name="com.thiago.githubreader.GithubreaderApplicationTests" tests="1" skipped="0" failures="0" errors="0" timestamp="2021-01-21T00:27:53" hostname="DESKTOP-36VL5PS" time="0.321">
  <properties/>
  <testcase name="contextLoads()" classname="com.thiago.githubreader.GithubreaderApplicationTests" time="0.321"/>
  <system-out><![CDATA[21:27:51.723 [Test worker] DEBUG org.springframework.test.context.BootstrapUtils - Instantiating CacheAwareContextLoaderDelegate from class [org.springframework.test.context.cache.DefaultCacheAwareContextLoaderDelegate]
21:27:51.734 [Test worker] DEBUG org.springframework.test.context.BootstrapUtils - Instantiating BootstrapContext using constructor [public org.springframework.test.context.support.DefaultBootstrapContext(java.lang.Class,org.springframework.test.context.CacheAwareContextLoaderDelegate)]
21:27:51.765 [Test worker] DEBUG org.springframework.test.context.BootstrapUtils - Instantiating TestContextBootstrapper for test class [com.thiago.githubreader.GithubreaderApplicationTests] from class [org.springframework.boot.test.context.SpringBootTestContextBootstrapper]
21:27:51.776 [Test worker] INFO org.springframework.boot.test.context.SpringBootTestContextBootstrapper - Neither @ContextConfiguration nor @ContextHierarchy found for test class [com.thiago.githubreader.GithubreaderApplicationTests], using SpringBootContextLoader
21:27:51.779 [Test worker] DEBUG org.springframework.test.context.support.AbstractContextLoader - Did not detect default resource location for test class [com.thiago.githubreader.GithubreaderApplicationTests]: class path resource [com/thiago/githubreader/GithubreaderApplicationTests-context.xml] does not exist
21:27:51.780 [Test worker] DEBUG org.springframework.test.context.support.AbstractContextLoader - Did not detect default resource location for test class [com.thiago.githubreader.GithubreaderApplicationTests]: class path resource [com/thiago/githubreader/GithubreaderApplicationTestsContext.groovy] does not exist
21:27:51.780 [Test worker] INFO org.springframework.test.context.support.AbstractContextLoader - Could not detect default resource locations for test class [com.thiago.githubreader.GithubreaderApplicationTests]: no resource found for suffixes {-context.xml, Context.groovy}.
21:27:51.781 [Test worker] INFO org.springframework.test.context.support.AnnotationConfigContextLoaderUtils - Could not detect default configuration classes for test class [com.thiago.githubreader.GithubreaderApplicationTests]: GithubreaderApplicationTests does not declare any static, non-private, non-final, nested classes annotated with @Configuration.
21:27:51.821 [Test worker] DEBUG org.springframework.test.context.support.ActiveProfilesUtils - Could not find an 'annotation declaring class' for annotation type [org.springframework.test.context.ActiveProfiles] and class [com.thiago.githubreader.GithubreaderApplicationTests]
21:27:51.880 [Test worker] DEBUG org.springframework.context.annotation.ClassPathScanningCandidateComponentProvider - Identified candidate component class: file [C:\Users\thiag\Evologica\Repositorios\githubreader\build\classes\java\main\com\thiago\githubreader\GithubreaderApplication.class]
21:27:51.882 [Test worker] INFO org.springframework.boot.test.context.SpringBootTestContextBootstrapper - Found @SpringBootConfiguration com.thiago.githubreader.GithubreaderApplication for test class com.thiago.githubreader.GithubreaderApplicationTests
21:27:51.975 [Test worker] DEBUG org.springframework.boot.test.context.SpringBootTestContextBootstrapper - @TestExecutionListeners is not present for class [com.thiago.githubreader.GithubreaderApplicationTests]: using defaults.
21:27:51.976 [Test worker] INFO org.springframework.boot.test.context.SpringBootTestContextBootstrapper - Loaded default TestExecutionListener class names from location [META-INF/spring.factories]: [org.springframework.boot.test.autoconfigure.restdocs.RestDocsTestExecutionListener, org.springframework.boot.test.autoconfigure.web.client.MockRestServiceServerResetTestExecutionListener, org.springframework.boot.test.autoconfigure.web.servlet.MockMvcPrintOnlyOnFailureTestExecutionListener, org.springframework.boot.test.autoconfigure.web.servlet.WebDriverTestExecutionListener, org.springframework.boot.test.autoconfigure.webservices.client.MockWebServiceServerTestExecutionListener, org.springframework.boot.test.mock.mockito.MockitoTestExecutionListener, org.springframework.boot.test.mock.mockito.ResetMocksTestExecutionListener, org.springframework.test.context.web.ServletTestExecutionListener, org.springframework.test.context.support.DirtiesContextBeforeModesTestExecutionListener, org.springframework.test.context.event.ApplicationEventsTestExecutionListener, org.springframework.test.context.support.DependencyInjectionTestExecutionListener, org.springframework.test.context.support.DirtiesContextTestExecutionListener, org.springframework.test.context.transaction.TransactionalTestExecutionListener, org.springframework.test.context.jdbc.SqlScriptsTestExecutionListener, org.springframework.test.context.event.EventPublishingTestExecutionListener]
21:27:51.986 [Test worker] DEBUG org.springframework.boot.test.context.SpringBootTestContextBootstrapper - Skipping candidate TestExecutionListener [org.springframework.test.context.transaction.TransactionalTestExecutionListener] due to a missing dependency. Specify custom listener classes or make the default listener classes and their required dependencies available. Offending class: [org/springframework/transaction/interceptor/TransactionAttributeSource]
21:27:51.987 [Test worker] DEBUG org.springframework.boot.test.context.SpringBootTestContextBootstrapper - Skipping candidate TestExecutionListener [org.springframework.test.context.jdbc.SqlScriptsTestExecutionListener] due to a missing dependency. Specify custom listener classes or make the default listener classes and their required dependencies available. Offending class: [org/springframework/transaction/interceptor/TransactionAttribute]
21:27:51.987 [Test worker] INFO org.springframework.boot.test.context.SpringBootTestContextBootstrapper - Using TestExecutionListeners: [org.springframework.test.context.web.ServletTestExecutionListener@7b3346ba, org.springframework.test.context.support.DirtiesContextBeforeModesTestExecutionListener@7213c3c6, org.springframework.test.context.event.ApplicationEventsTestExecutionListener@592de708, org.springframework.boot.test.mock.mockito.MockitoTestExecutionListener@488855e8, org.springframework.boot.test.autoconfigure.SpringBootDependencyInjectionTestExecutionListener@296fdcd5, org.springframework.test.context.support.DirtiesContextTestExecutionListener@458e27cd, org.springframework.test.context.event.EventPublishingTestExecutionListener@73ad8dd3, org.springframework.boot.test.autoconfigure.restdocs.RestDocsTestExecutionListener@7900a15b, org.springframework.boot.test.autoconfigure.web.client.MockRestServiceServerResetTestExecutionListener@2ede53da, org.springframework.boot.test.autoconfigure.web.servlet.MockMvcPrintOnlyOnFailureTestExecutionListener@1adaa983, org.springframework.boot.test.autoconfigure.web.servlet.WebDriverTestExecutionListener@5866c1e, org.springframework.boot.test.autoconfigure.webservices.client.MockWebServiceServerTestExecutionListener@79f01f8c, org.springframework.boot.test.mock.mockito.ResetMocksTestExecutionListener@256cd3eb]
21:27:51.991 [Test worker] DEBUG org.springframework.test.context.support.AbstractDirtiesContextTestExecutionListener - Before test class: context [DefaultTestContext@7bacb60c testClass = GithubreaderApplicationTests, testInstance = [null], testMethod = [null], testException = [null], mergedContextConfiguration = [WebMergedContextConfiguration@128b1dc7 testClass = GithubreaderApplicationTests, locations = '{}', classes = '{class com.thiago.githubreader.GithubreaderApplication}', contextInitializerClasses = '[]', activeProfiles = '{}', propertySourceLocations = '{}', propertySourceProperties = '{org.springframework.boot.test.context.SpringBootTestContextBootstrapper=true}', contextCustomizers = set[org.springframework.boot.test.autoconfigure.actuate.metrics.MetricsExportContextCustomizerFactory$DisableMetricExportContextCustomizer@19a54ea8, org.springframework.boot.test.autoconfigure.properties.PropertyMappingContextCustomizer@0, org.springframework.boot.test.autoconfigure.web.servlet.WebDriverContextCustomizerFactory$Customizer@73801b05, org.springframework.boot.test.context.filter.ExcludeFilterContextCustomizer@55ff30f8, org.springframework.boot.test.json.DuplicateJsonObjectContextCustomizerFactory$DuplicateJsonObjectContextCustomizer@5acd74ae, org.springframework.boot.test.mock.mockito.MockitoContextCustomizer@0, org.springframework.boot.test.web.client.TestRestTemplateContextCustomizer@5d4dbf61, org.springframework.boot.test.context.SpringBootTestArgs@1, org.springframework.boot.test.context.SpringBootTestWebEnvironment@7f13a254], resourceBasePath = 'src/main/webapp', contextLoader = 'org.springframework.boot.test.context.SpringBootContextLoader', parent = [null]], attributes = map['org.springframework.test.context.web.ServletTestExecutionListener.activateListener' -> true]], class annotated with @DirtiesContext [false] with mode [null].
21:27:52.022 [Test worker] DEBUG org.springframework.test.context.support.TestPropertySourceUtils - Adding inlined properties to environment: {spring.jmx.enabled=false, org.springframework.boot.test.context.SpringBootTestContextBootstrapper=true}

  .   ____          _            __ _ _
 /\\ / ___'_ __ _ _(_)_ __  __ _ \ \ \ \
( ( )\___ | '_ | '_| | '_ \/ _` | \ \ \ \
 \\/  ___)| |_)| | | | | || (_| |  ) ) ) )
  '  |____| .__|_| |_|_| |_\__, | / / / /
 =========|_|==============|___/=/_/_/_/
 :: Spring Boot ::                (v2.4.2)

2021-01-20 21:27:52.242  INFO 9924 --- [    Test worker] c.t.g.GithubreaderApplicationTests       : Starting GithubreaderApplicationTests using Java 15 on DESKTOP-36VL5PS with PID 9924 (started by thiag in C:\Users\thiag\Evologica\Repositorios\githubreader)
2021-01-20 21:27:52.245  INFO 9924 --- [    Test worker] c.t.g.GithubreaderApplicationTests       : No active profile set, falling back to default profiles: default
2021-01-20 21:27:53.346  INFO 9924 --- [    Test worker] o.s.s.concurrent.ThreadPoolTaskExecutor  : Initializing ExecutorService 'applicationTaskExecutor'
2021-01-20 21:27:53.613  INFO 9924 --- [    Test worker] c.t.g.GithubreaderApplicationTests       : Started GithubreaderApplicationTests in 1.585 seconds (JVM running for 2.535)
]]></system-out>
  <system-err><![CDATA[]]></system-err>
</testsuite>
