<?xml version="1.0" encoding="UTF-8"?>
<testsuite name="com.thiago.githubreader.GithubreaderApplicationTests" tests="1" skipped="0" failures="0" errors="0" timestamp="2021-01-24T03:03:36" hostname="DESKTOP-36VL5PS" time="0.002">
  <properties/>
  <testcase name="contextLoads()" classname="com.thiago.githubreader.GithubreaderApplicationTests" time="0.002"/>
  <system-out><![CDATA[2021-01-24 00:03:35.701  INFO 7780 --- [    Test worker] .b.t.c.SpringBootTestContextBootstrapper : Neither @ContextConfiguration nor @ContextHierarchy found for test class [com.thiago.githubreader.GithubreaderApplicationTests], using SpringBootContextLoader
2021-01-24 00:03:35.702  INFO 7780 --- [    Test worker] o.s.t.c.support.AbstractContextLoader    : Could not detect default resource locations for test class [com.thiago.githubreader.GithubreaderApplicationTests]: no resource found for suffixes {-context.xml, Context.groovy}.
2021-01-24 00:03:35.702  INFO 7780 --- [    Test worker] t.c.s.AnnotationConfigContextLoaderUtils : Could not detect default configuration classes for test class [com.thiago.githubreader.GithubreaderApplicationTests]: GithubreaderApplicationTests does not declare any static, non-private, non-final, nested classes annotated with @Configuration.
2021-01-24 00:03:35.704  INFO 7780 --- [    Test worker] .b.t.c.SpringBootTestContextBootstrapper : Found @SpringBootConfiguration com.thiago.githubreader.GithubreaderApplication for test class com.thiago.githubreader.GithubreaderApplicationTests
2021-01-24 00:03:35.706  INFO 7780 --- [    Test worker] .b.t.c.SpringBootTestContextBootstrapper : Loaded default TestExecutionListener class names from location [META-INF/spring.factories]: [org.springframework.boot.test.autoconfigure.restdocs.RestDocsTestExecutionListener, org.springframework.boot.test.autoconfigure.web.client.MockRestServiceServerResetTestExecutionListener, org.springframework.boot.test.autoconfigure.web.servlet.MockMvcPrintOnlyOnFailureTestExecutionListener, org.springframework.boot.test.autoconfigure.web.servlet.WebDriverTestExecutionListener, org.springframework.boot.test.autoconfigure.webservices.client.MockWebServiceServerTestExecutionListener, org.springframework.boot.test.mock.mockito.MockitoTestExecutionListener, org.springframework.boot.test.mock.mockito.ResetMocksTestExecutionListener, org.springframework.test.context.web.ServletTestExecutionListener, org.springframework.test.context.support.DirtiesContextBeforeModesTestExecutionListener, org.springframework.test.context.event.ApplicationEventsTestExecutionListener, org.springframework.test.context.support.DependencyInjectionTestExecutionListener, org.springframework.test.context.support.DirtiesContextTestExecutionListener, org.springframework.test.context.transaction.TransactionalTestExecutionListener, org.springframework.test.context.jdbc.SqlScriptsTestExecutionListener, org.springframework.test.context.event.EventPublishingTestExecutionListener]
2021-01-24 00:03:35.708  INFO 7780 --- [    Test worker] .b.t.c.SpringBootTestContextBootstrapper : Using TestExecutionListeners: [org.springframework.test.context.web.ServletTestExecutionListener@a90af0, org.springframework.test.context.support.DirtiesContextBeforeModesTestExecutionListener@43af3cf2, org.springframework.test.context.event.ApplicationEventsTestExecutionListener@41f5a75e, org.springframework.boot.test.mock.mockito.MockitoTestExecutionListener@34f873d8, org.springframework.boot.test.autoconfigure.SpringBootDependencyInjectionTestExecutionListener@7c4e013d, org.springframework.test.context.support.DirtiesContextTestExecutionListener@46bceaea, org.springframework.test.context.event.EventPublishingTestExecutionListener@2a9f6a34, org.springframework.boot.test.autoconfigure.restdocs.RestDocsTestExecutionListener@5d0eba0c, org.springframework.boot.test.autoconfigure.web.client.MockRestServiceServerResetTestExecutionListener@51450f79, org.springframework.boot.test.autoconfigure.web.servlet.MockMvcPrintOnlyOnFailureTestExecutionListener@708f4401, org.springframework.boot.test.autoconfigure.web.servlet.WebDriverTestExecutionListener@21905eee, org.springframework.boot.test.autoconfigure.webservices.client.MockWebServiceServerTestExecutionListener@9e65e0a, org.springframework.boot.test.mock.mockito.ResetMocksTestExecutionListener@7021b688]

  .   ____          _            __ _ _
 /\\ / ___'_ __ _ _(_)_ __  __ _ \ \ \ \
( ( )\___ | '_ | '_| | '_ \/ _` | \ \ \ \
 \\/  ___)| |_)| | | | | || (_| |  ) ) ) )
  '  |____| .__|_| |_|_| |_\__, | / / / /
 =========|_|==============|___/=/_/_/_/
 :: Spring Boot ::                (v2.4.2)

2021-01-24 00:03:35.741  INFO 7780 --- [    Test worker] c.t.g.GithubreaderApplicationTests       : Starting GithubreaderApplicationTests using Java 15 on DESKTOP-36VL5PS with PID 7780 (started by thiag in C:\Users\thiag\Evologica\Repositorios\githubreader)
2021-01-24 00:03:35.742  INFO 7780 --- [    Test worker] c.t.g.GithubreaderApplicationTests       : No active profile set, falling back to default profiles: default
2021-01-24 00:03:36.083  INFO 7780 --- [    Test worker] o.s.s.concurrent.ThreadPoolTaskExecutor  : Initializing ExecutorService 'applicationTaskExecutor'
2021-01-24 00:03:36.225  INFO 7780 --- [    Test worker] c.t.g.GithubreaderApplicationTests       : Started GithubreaderApplicationTests in 0.506 seconds (JVM running for 6.604)
]]></system-out>
  <system-err><![CDATA[]]></system-err>
</testsuite>
